--- Copying files at Tue Dec  9 22:53:27 UTC 2025
--- Copied files finished at Tue Dec  9 22:53:27 UTC 2025
--- Copying files at Wed Dec 10 00:49:59 UTC 2025
--- Copied files finished at Wed Dec 10 00:49:59 UTC 2025
--- Copying files at Wed Dec 10 00:57:30 UTC 2025
--- Copied files finished at Wed Dec 10 00:57:30 UTC 2025
--- Copying files at Wed Dec 10 01:01:07 UTC 2025
--- Copied files finished at Wed Dec 10 01:01:07 UTC 2025
--- Copying files at Wed Dec 10 01:05:32 UTC 2025
--- Copied files finished at Wed Dec 10 01:05:32 UTC 2025
--- Copying files at Wed Dec 10 01:08:37 UTC 2025
--- Copied files finished at Wed Dec 10 01:08:37 UTC 2025
--- Copying files at Wed Dec 10 01:17:39 UTC 2025
--- Copied files finished at Wed Dec 10 01:17:39 UTC 2025
--- Copying files at Wed Dec 10 21:28:26 UTC 2025
--- Copied files finished at Wed Dec 10 21:28:26 UTC 2025
--- Copying files at Wed Dec 10 21:50:43 UTC 2025
--- Copied files finished at Wed Dec 10 21:50:43 UTC 2025
--- Copying files at Thu Dec 11 02:33:49 UTC 2025
--- Copied files finished at Thu Dec 11 02:33:49 UTC 2025
--- Copying files at Fri Dec 12 21:53:42 UTC 2025
--- Copied files finished at Fri Dec 12 21:53:42 UTC 2025
--- Copying files at Sat Dec 13 11:29:18 UTC 2025
--- Copied files finished at Sat Dec 13 11:29:18 UTC 2025
--- Copying files at Sat Dec 13 11:54:18 UTC 2025
--- Copied files finished at Sat Dec 13 11:54:18 UTC 2025
--- Copying files at Sat Dec 13 12:13:19 UTC 2025
--- Copied files finished at Sat Dec 13 12:13:19 UTC 2025
--- Copying files at Sat Dec 13 12:35:13 UTC 2025
--- Copied files finished at Sat Dec 13 12:35:13 UTC 2025
--- Copying files at Sat Dec 13 15:18:00 UTC 2025
--- Copied files finished at Sat Dec 13 15:18:00 UTC 2025
--- Copying files at Sat Dec 13 15:37:59 UTC 2025
--- Copied files finished at Sat Dec 13 15:37:59 UTC 2025
--- Copying files at Sat Dec 13 20:38:38 UTC 2025
--- Copied files finished at Sat Dec 13 20:38:38 UTC 2025
--- Copying files at Sat Dec 13 21:38:05 UTC 2025
--- Copied files finished at Sat Dec 13 21:38:05 UTC 2025
--- Copying files at Sat Dec 13 21:42:51 UTC 2025
--- Copied files finished at Sat Dec 13 21:42:51 UTC 2025
--- Copying files at Sat Dec 13 21:57:30 UTC 2025
--- Copied files finished at Sat Dec 13 21:57:30 UTC 2025
--- Copying files at Sat Dec 13 22:02:35 UTC 2025
--- Copied files finished at Sat Dec 13 22:02:35 UTC 2025
--- Copying files at Sat Dec 13 22:22:21 UTC 2025
--- Copied files finished at Sat Dec 13 22:22:21 UTC 2025
--- Copying files at Sat Dec 13 22:32:59 UTC 2025
--- Copied files finished at Sat Dec 13 22:32:59 UTC 2025
--- Copying files at Sat Dec 13 22:37:54 UTC 2025
--- Copied files finished at Sat Dec 13 22:37:54 UTC 2025
--- Copying files at Sat Dec 13 22:48:23 UTC 2025
--- Copied files finished at Sat Dec 13 22:48:23 UTC 2025
--- Copying files at Sat Dec 13 22:53:07 UTC 2025
--- Copied files finished at Sat Dec 13 22:53:07 UTC 2025
--- Copying files at Sat Dec 13 23:04:07 UTC 2025
--- Copied files finished at Sat Dec 13 23:04:07 UTC 2025
--- Copying files at Sat Dec 13 23:10:16 UTC 2025
--- Copied files finished at Sat Dec 13 23:10:16 UTC 2025
--- Copying files at Sat Dec 13 23:13:40 UTC 2025
--- Copied files finished at Sat Dec 13 23:13:40 UTC 2025
--- Copying files at Sat Dec 13 23:15:08 UTC 2025
--- Copied files finished at Sat Dec 13 23:15:08 UTC 2025
--- Copying files at Sat Dec 13 23:25:30 UTC 2025
--- Copied files finished at Sat Dec 13 23:25:30 UTC 2025
--- Copying files at Sat Dec 13 23:34:33 UTC 2025
--- Copied files finished at Sat Dec 13 23:34:33 UTC 2025
--- Copying files at Sat Dec 13 23:38:46 UTC 2025
--- Copied files finished at Sat Dec 13 23:38:46 UTC 2025
--- Copying files at Sat Dec 13 23:47:49 UTC 2025
--- Copied files finished at Sat Dec 13 23:47:49 UTC 2025
